2025-07-28 19:01:13,968 - app.annotation - INFO - AnnotationService инициализирован с новой архитектурой этапов
2025-07-28 19:01:13,968 - app.annotation - INFO - Прогресс 0%: Начало обработки аудио
2025-07-28 19:01:13,968 - app.annotation - INFO - Прогресс 5%: Метаданные аудио извлечены
2025-07-28 19:01:13,968 - app.annotation - INFO - Прогресс 10%: Начало этапа diarization
2025-07-28 19:01:13,968 - app.annotation - INFO - Прогресс 35%: Этап diarization завершен
2025-07-28 19:01:13,968 - app.annotation - INFO - Прогресс 35%: Начало этапа transcription
2025-07-28 19:01:13,968 - app.annotation - INFO - Прогресс 65%: Этап transcription завершен
2025-07-28 19:01:13,968 - app.annotation - INFO - Прогресс 65%: Начало этапа recognition
2025-07-28 19:01:13,968 - app.annotation - INFO - Прогресс 85%: Этап recognition завершен
2025-07-28 19:01:13,968 - app.annotation - INFO - Прогресс 85%: Начало этапа carddav
2025-07-28 19:01:13,968 - app.annotation - INFO - Прогресс 90%: Этап carddav завершен
2025-07-28 19:01:13,968 - app.annotation - INFO - Прогресс 95%: Сборка финального результата
2025-07-28 19:01:13,968 - app.annotation - INFO - Прогресс 100%: Аннотация завершена
2025-07-28 19:01:13,988 - app.annotation - INFO - AnnotationService инициализирован с новой архитектурой этапов
2025-07-28 19:01:13,988 - app.annotation - INFO - Прогресс 0%: Начало обработки аудио
2025-07-28 19:01:13,988 - app.annotation - INFO - Прогресс 5%: Метаданные аудио извлечены
2025-07-28 19:01:13,988 - app.annotation - INFO - Прогресс 10%: Начало этапа diarization
2025-07-28 19:01:13,988 - app.annotation - INFO - Прогресс 35%: Этап diarization завершен
2025-07-28 19:01:13,988 - app.annotation - INFO - Прогресс 35%: Начало этапа transcription
2025-07-28 19:01:13,988 - app.annotation - ERROR - Этап transcription завершился с ошибкой: fail
2025-07-28 19:01:13,988 - app.annotation - INFO - Прогресс 65%: Этап transcription завершен
2025-07-28 19:01:13,988 - app.annotation - INFO - Прогресс 65%: Начало этапа recognition
2025-07-28 19:01:13,988 - app.annotation - INFO - Прогресс 85%: Этап recognition завершен
2025-07-28 19:01:13,988 - app.annotation - INFO - Прогресс 85%: Начало этапа carddav
2025-07-28 19:01:13,988 - app.annotation - INFO - Прогресс 90%: Этап carddav завершен
2025-07-28 19:01:13,988 - app.annotation - INFO - Прогресс 95%: Сборка финального результата
2025-07-28 19:01:13,988 - app.annotation - INFO - Прогресс 100%: Аннотация завершена
2025-07-28 19:01:14,008 - app.annotation - INFO - AnnotationService инициализирован с новой архитектурой этапов
2025-07-28 19:01:14,008 - app.annotation - INFO - Прогресс 0%: Начало обработки аудио
2025-07-28 19:01:14,008 - app.annotation - INFO - Прогресс 5%: Метаданные аудио извлечены
2025-07-28 19:01:14,008 - app.annotation - INFO - Прогресс 10%: Начало этапа diarization
2025-07-28 19:01:14,008 - app.annotation - INFO - Прогресс 22%: diarization midway
2025-07-28 19:01:14,008 - app.annotation - INFO - Прогресс 35%: Этап diarization завершен
2025-07-28 19:01:14,008 - app.annotation - INFO - Прогресс 35%: Начало этапа transcription
2025-07-28 19:01:14,008 - app.annotation - INFO - Прогресс 50%: transcription midway
2025-07-28 19:01:14,008 - app.annotation - INFO - Прогресс 65%: Этап transcription завершен
2025-07-28 19:01:14,008 - app.annotation - INFO - Прогресс 65%: Начало этапа recognition
2025-07-28 19:01:14,008 - app.annotation - INFO - Прогресс 75%: recognition midway
2025-07-28 19:01:14,008 - app.annotation - INFO - Прогресс 85%: Этап recognition завершен
2025-07-28 19:01:14,008 - app.annotation - INFO - Прогресс 85%: Начало этапа carddav
2025-07-28 19:01:14,008 - app.annotation - INFO - Прогресс 87%: carddav midway
2025-07-28 19:01:14,008 - app.annotation - INFO - Прогресс 90%: Этап carddav завершен
2025-07-28 19:01:14,008 - app.annotation - INFO - Прогресс 95%: Сборка финального результата
2025-07-28 19:01:14,008 - app.annotation - INFO - Прогресс 100%: Аннотация завершена
2025-07-28 19:01:14,048 - httpx - INFO - HTTP Request: GET http://testserver/api/v1/health "HTTP/1.1 200 OK"
2025-07-28 19:01:14,058 - httpx - INFO - HTTP Request: GET http://testserver/api/v1/info "HTTP/1.1 200 OK"
2025-07-28 19:01:14,068 - httpx - INFO - HTTP Request: POST http://testserver/api/v1/jobs "HTTP/1.1 404 Not Found"
2025-07-28 19:01:14,088 - httpx - INFO - HTTP Request: POST http://testserver/api/v1/jobs "HTTP/1.1 201 Created"
2025-07-28 19:01:14,088 - httpx - INFO - HTTP Request: GET http://testserver/api/v1/jobs/eab00cd3-a5c3-4d1d-8907-8bdca2020299 "HTTP/1.1 200 OK"
2025-07-28 19:01:14,108 - httpx - INFO - HTTP Request: GET http://testserver/api/v1/jobs/unknown "HTTP/1.1 404 Not Found"
2025-07-28 19:01:14,118 - httpx - INFO - HTTP Request: GET http://testserver/api/v1/jobs/test-job/result "HTTP/1.1 200 OK"
2025-07-28 19:01:14,128 - httpx - INFO - HTTP Request: DELETE http://testserver/api/v1/jobs/unknown "HTTP/1.1 404 Not Found"
2025-07-28 19:01:14,138 - httpx - INFO - HTTP Request: DELETE http://testserver/api/v1/jobs/test-job "HTTP/1.1 404 Not Found"
2025-07-28 19:01:14,148 - app.queue.manager - INFO - QueueManager started
2025-07-28 19:01:14,248 - app.queue.manager - INFO - QueueManager stopped
2025-07-28 19:01:14,258 - app.queue.manager - INFO - QueueManager started
2025-07-28 19:01:14,368 - app.queue.manager - INFO - QueueManager stopped
2025-07-28 19:01:14,418 - app.models_registry - INFO - Загрузка модели: test
2025-07-28 19:01:14,418 - app.models_registry - INFO - Модель test загружена успешно
2025-07-28 19:01:14,418 - app.models_registry - INFO - Модель test выгружена
2025-07-28 19:01:14,418 - app.models_registry - INFO - Загрузка модели: test
2025-07-28 19:01:14,418 - app.models_registry - INFO - Модель test загружена успешно
2025-07-28 19:01:14,418 - app.models_registry - INFO - Модель test выгружена
2025-07-28 19:01:14,418 - app.models_registry - INFO - Все модели выгружены
2025-07-28 19:01:14,428 - app.stages.base.DummyStage - INFO - Инициализация этапа dummy
2025-07-28 19:01:14,428 - app.stages.base.DummyStage - INFO - Начало обработки этапа dummy для задачи tid
2025-07-28 19:01:14,428 - app.stages.base.DummyStage - INFO - Этап dummy завершен для задачи tid за 0.00с
2025-07-28 19:01:14,438 - app.stages.base.DummyStage - INFO - Инициализация этапа dummy
2025-07-28 19:01:14,438 - app.stages.base.DummyStage - INFO - Начало обработки этапа dummy для задачи tid
2025-07-28 19:01:14,438 - app.stages.base.DummyStage - ERROR - Ошибка в этапе dummy: fail
Traceback (most recent call last):
  File "C:\CallAnnotate\CallAnnotate\src\app\stages\base.py", line 91, in process
    payload = await self._process_impl(
              ^^^^^^^^^^^^^^^^^^^^^^^^^
  File "C:\CallAnnotate\CallAnnotate\tests\test_stages_base.py", line 19, in _process_impl
    raise RuntimeError("fail")
RuntimeError: fail
2025-07-28 19:01:14,438 - app.stages.base.DummyStage - INFO - Инициализация этапа dummy
2025-07-28 19:01:14,438 - app.stages.base.DummyStage - INFO - Начало обработки этапа dummy для задачи tid
2025-07-28 19:01:14,438 - app.stages.base.DummyStage - INFO - Этап dummy завершен для задачи tid за 0.00с
2025-07-28 19:01:14,448 - app.stages.base.CardDAVStage - INFO - Инициализация этапа carddav
2025-07-28 19:01:14,448 - app.stages.base.CardDAVStage - WARNING - CardDAV конфигурация неполная, этап будет пропущен
2025-07-28 19:01:14,448 - app.stages.base.CardDAVStage - INFO - Начало обработки этапа carddav для задачи job
2025-07-28 19:01:14,448 - app.stages.base.CardDAVStage - INFO - Этап carddav завершен для задачи job за 0.00с
2025-07-28 19:01:14,458 - app.stages.base.CardDAVStage - INFO - CardDAV клиент инициализирован
2025-07-28 19:01:14,468 - app.stages.base.DiarizationStage - INFO - Загрузка модели диаризации: m
2025-07-28 19:01:14,468 - app.stages.base.DiarizationStage - INFO - Модель диаризации загружена успешно
2025-07-28 19:01:14,478 - app.stages.base.RecognitionStage - INFO - Загрузка модели распознавания: m
2025-07-28 19:01:14,478 - app.stages.base.RecognitionStage - INFO - Модель распознавания загружена успешно
2025-07-28 19:01:14,478 - app.stages.base.TranscriptionStage - INFO - Загрузка модели Whisper: base
2025-07-28 19:01:14,478 - app.stages.base.TranscriptionStage - INFO - Модель транскрипции загружена успешно
2025-07-28 19:01:15,928 - WebSocketManager - INFO - WS client test_client connected
2025-07-28 19:01:15,928 - WebSocketManager - INFO - WS client test_client disconnected
2025-07-28 19:01:15,938 - WebSocketManager - INFO - WS client wsid connected
2025-07-28 19:01:15,998 - WebSocketManager - INFO - WS client wsid disconnected
2025-07-28 19:01:15,998 - WebSocketManager - INFO - WS client cid connected
2025-07-28 19:01:15,998 - WebSocketManager - INFO - WS client cid disconnected
2025-07-28 19:01:16,008 - WebSocketManager - INFO - WS client cid2 connected
2025-07-28 19:01:16,008 - WebSocketManager - INFO - WS client cid2 disconnected
